<?xml version="1.0" encoding="UTF-8"?>
<!-- Generated by org.testng.reporters.JUnitReportReporter -->
<testsuite skipped="0" hostname="LAPTOP-IJEB1SRB" name="myjenkins.Exp" tests="1" failures="0" timestamp="06 Dec 2017 11:37:23 GMT" time="24.267" errors="0">
  <testcase name="testgooglrsearch" time="24.267" classname="myjenkins.Exp"/>
</testsuite> <!-- myjenkins.Exp -->
